SF:lib/pages/counter_page.dart
DA:4,1
DA:8,1
DA:9,1
DA:15,1
DA:16,2
DA:17,2
DA:21,1
DA:23,1
DA:24,1
DA:26,3
DA:27,3
DA:29,1
DA:30,1
DA:33,1
DA:36,1
DA:37,1
DA:40,3
DA:43,1
DA:45,2
DA:46,3
DA:52,1
DA:53,1
LF:22
LH:22
end_of_record
SF:lib/pages/semantics_page.dart
DA:4,1
DA:6,1
DA:8,1
DA:9,1
DA:11,3
DA:14,1
DA:15,1
DA:17,1
DA:18,1
DA:23,1
DA:25,1
DA:26,1
DA:32,2
DA:34,1
DA:38,1
DA:51,1
LF:16
LH:16
end_of_record
SF:lib/pages/form_page.dart
DA:4,1
DA:6,1
DA:7,1
DA:10,3
DA:13,1
DA:15,1
DA:16,1
DA:18,3
DA:21,1
DA:23,1
DA:24,1
DA:25,1
DA:26,1
DA:28,1
DA:29,1
DA:32,1
DA:33,1
DA:40,1
DA:43,1
DA:44,1
DA:50,1
DA:52,1
DA:54,3
DA:55,1
DA:61,1
DA:69,1
DA:70,1
DA:71,1
LF:28
LH:28
end_of_record
SF:lib/pages/home_page.dart
DA:5,1
DA:7,1
DA:9,1
DA:10,1
DA:12,3
DA:15,1
DA:16,1
DA:20,1
DA:21,1
DA:23,1
DA:24,1
DA:28,1
DA:30,1
DA:31,1
DA:35,1
DA:37,1
DA:38,1
DA:42,1
DA:44,1
DA:45,1
DA:49,1
DA:51,1
DA:52,1
LF:23
LH:23
end_of_record
SF:lib/pages/scroll_page.dart
DA:4,1
DA:6,1
DA:9,1
DA:11,3
DA:14,1
DA:15,1
DA:17,3
DA:20,1
DA:23,1
DA:24,1
DA:25,1
DA:26,2
DA:28,1
DA:29,2
DA:30,1
DA:31,1
DA:32,3
DA:34,1
DA:35,2
DA:36,3
DA:38,1
DA:39,2
DA:40,3
LF:23
LH:23
end_of_record
SF:lib/pages/animated_page.dart
DA:4,1
DA:6,1
DA:7,1
DA:13,1
DA:15,1
DA:16,1
DA:19,3
DA:21,1
DA:22,1
DA:24,1
DA:25,1
DA:27,1
DA:28,1
DA:29,1
DA:30,1
DA:31,2
DA:37,1
DA:39,1
DA:40,2
DA:41,2
DA:44,2
LF:21
LH:21
end_of_record
